<?xml version="1.0" encoding="UTF-8"?>
<!-- Generated by org.testng.reporters.JUnitReportReporter -->
<testsuite hostname="Accolite-PC" name="Tests.SampleUITests" tests="2" failures="0" timestamp="22 Jun 2017 11:02:40 GMT" time="740.232" errors="0">
  <testcase name="test1" time="371.622" classname="Tests.SampleUITests"/>
  <testcase name="test1" time="368.610" classname="Tests.SampleUITests"/>
</testsuite> <!-- Tests.SampleUITests -->
