<?xml version="1.0" encoding="UTF-8"?>
<!-- Generated by org.testng.reporters.JUnitReportReporter -->
<testsuite hostname="Accolite-PC" name="Tests.SampleUITests" tests="1" failures="0" timestamp="22 Jun 2017 07:38:03 GMT" time="11.047" errors="0">
  <testcase name="test1" time="11.047" classname="Tests.SampleUITests"/>
</testsuite> <!-- Tests.SampleUITests -->
