<?xml version="1.0" encoding="UTF-8"?>
<!-- Generated by org.testng.reporters.JUnitReportReporter -->
<testsuite hostname="Accolite-PC" name="Tests.SampleUITests" tests="2" failures="0" timestamp="22 Jun 2017 10:36:51 GMT" time="16.927" errors="0">
  <testcase name="test1" time="7.787" classname="Tests.SampleUITests"/>
  <testcase name="test1" time="9.140" classname="Tests.SampleUITests"/>
</testsuite>
